{
  "stats": {
    "suites": 1,
    "tests": 1,
    "passes": 1,
    "pending": 0,
    "failures": 0,
    "start": "2020-08-07T13:15:00.168Z",
    "end": "2020-08-07T13:15:21.515Z",
    "duration": 21347,
    "testsRegistered": 1,
    "passPercent": 100,
    "pendingPercent": 0,
    "other": 0,
    "hasOther": false,
    "skipped": 0,
    "hasSkipped": false
  },
  "results": [
    {
      "uuid": "a8b30168-1a89-47c1-bbde-47b73fe52789",
      "title": "",
      "fullFile": "cypress\\integration\\Regression\\UIControl.js",
      "file": "cypress\\integration\\Regression\\UIControl.js",
      "beforeHooks": [],
      "afterHooks": [],
      "tests": [],
      "suites": [
        {
          "uuid": "0186c6f8-d6e7-450c-a9b5-33225ca2cff1",
          "title": "UI control test suite",
          "fullFile": "",
          "file": "",
          "beforeHooks": [],
          "afterHooks": [],
          "tests": [
            {
              "title": "UI control test case",
              "fullTitle": "UI control test suite UI control test case",
              "timedOut": null,
              "duration": 18116,
              "state": "passed",
              "speed": "slow",
              "pass": true,
              "fail": false,
              "pending": false,
              "context": null,
              "code": "cy.visit(\"https://rahulshettyacademy.com/AutomationPractice/\"); //handle checkbox\ncy.get('#checkBoxOption1').check().should('be.checked').and('have.value', 'option1');\ncy.get('#checkBoxOption1').uncheck().should('not.be.checked');\ncy.get('[type=\"checkbox\"]').check(['option2', 'option3']); //handle static drop down\ncy.get('select').select('option2').should('have.value', 'option2'); //handle dynamic drop down\ncy.get('#autocomplete').type('ind');\ncy.get('.ui-menu-item div').each(function ($el, index, $list) {\n  var countryName = $el.text();\n  if (countryName === 'India') {\n    cy.wrap($el).click();\n  }\n});\ncy.get('#autocomplete').should('have.value', 'India'); //handle visible and invisible elements\ncy.get('#hide-textbox').click();\ncy.get('#displayed-text').should(\"not.be.visible\");\ncy.get('#show-textbox').click();\ncy.get('#displayed-text').should(\"be.visible\"); //handle radio button\ncy.get('[name=\"radioButton\"]').check('radio2').should('be.checked').and('have.value', 'radio2');",
              "err": {},
              "uuid": "997d5924-3ec8-4852-9c55-aad5a708d3da",
              "parentUUID": "0186c6f8-d6e7-450c-a9b5-33225ca2cff1",
              "isHook": false,
              "skipped": false
            }
          ],
          "suites": [],
          "passes": [
            "997d5924-3ec8-4852-9c55-aad5a708d3da"
          ],
          "failures": [],
          "pending": [],
          "skipped": [],
          "duration": 18116,
          "root": false,
          "rootEmpty": false,
          "_timeout": 2000
        }
      ],
      "passes": [],
      "failures": [],
      "pending": [],
      "skipped": [],
      "duration": 0,
      "root": true,
      "rootEmpty": true,
      "_timeout": 2000
    }
  ],
  "meta": {
    "mocha": {
      "version": "7.0.1"
    },
    "mochawesome": {
      "options": {
        "quiet": false,
        "reportFilename": "mochawesome",
        "saveHtml": true,
        "saveJson": true,
        "consoleReporter": "spec",
        "useInlineDiffs": false,
        "code": true
      },
      "version": "6.1.1"
    },
    "marge": {
      "options": null,
      "version": "5.1.0"
    }
  }
}